
	|  TABLE                                 |  RECORDS  |  FAILED  |  DATA LOAD TIME  |
	------------------------------------------------------------------------------------
	|  public.ACCESS_TOKEN                   |  160      |  0       |  3.579 seconds   |
	------------------------------------------------------------------------------------
	|  public.ALMOXARIFADO                   |  456      |  0       |  1.999 seconds   |
	------------------------------------------------------------------------------------
	|  public.ATIVIDADE                      |  2183     |  0       |  2.454 seconds   |
	------------------------------------------------------------------------------------
	|  public.ATIVIDADECUSTOFASE             |  2422     |  0       |  2.33 seconds    |
	------------------------------------------------------------------------------------
	|  public.BEM                            |  12076    |  0       |  5.354 seconds   |
	------------------------------------------------------------------------------------
	|  public.BEMCUSTO                       |  3276     |  0       |  2.3 seconds     |
	------------------------------------------------------------------------------------
	|  public.BEMCUSTOHISTORICO              |  4131     |  0       |  2.549 seconds   |
	------------------------------------------------------------------------------------
	|  public.BEMINDICADORATUAL              |  3015     |  0       |  2.246 seconds   |
	------------------------------------------------------------------------------------
	|  public.CLASSIFICACAOPRODUTOAGRO       |  889      |  0       |  2.089 seconds   |
	------------------------------------------------------------------------------------
	|  public.CONTROLE                       |  0        |  0       |  2.032 seconds   |
	------------------------------------------------------------------------------------
	|  public.CULTURA                        |  357      |  0       |  2.134 seconds   |
	------------------------------------------------------------------------------------
	|  public.CUSTOFASE                      |  292      |  0       |  2.098 seconds   |
	------------------------------------------------------------------------------------
	|  public.CUSTOGRUPO                     |  108      |  0       |  2.089 seconds   |
	------------------------------------------------------------------------------------
	|  public.CUSTOIMOBILIZADO               |  105      |  0       |  2.084 seconds   |
	------------------------------------------------------------------------------------
	|  public.CUSTOIMOBILIZADOINDICADOR      |  99       |  0       |  2.046 seconds   |
	------------------------------------------------------------------------------------
	|  public.CUSTOIMOBILIZADOINDIPERIODO    |  0        |  0       |  2.21 seconds    |
	------------------------------------------------------------------------------------
	|  public.CUSTOIMOBILIZADOMAQUINA        |  116      |  0       |  2.092 seconds   |
	------------------------------------------------------------------------------------
	|  public.DIRECIONADORCUSTO              |  6230     |  0       |  2.349 seconds   |
	------------------------------------------------------------------------------------
	|  public.DIRECIONADORCUSTOGLEBA         |  401      |  0       |  2.163 seconds   |
	------------------------------------------------------------------------------------
	|  public.DIRECIONADORCUSTOGRUPO         |  96       |  0       |  2.084 seconds   |
	------------------------------------------------------------------------------------
	|  public.DIRECIONADORCUSTOPLANTIO       |  5777     |  0       |  2.312 seconds   |
	------------------------------------------------------------------------------------
	|  public.DISPOSITIVO                    |  209      |  0       |  2.109 seconds   |
	------------------------------------------------------------------------------------
	|  public.EMPRESA                        |  24       |  0       |  2.004 seconds   |
	------------------------------------------------------------------------------------
	|  public.FAZENDA                        |  313      |  0       |  1.97 seconds    |
	------------------------------------------------------------------------------------
	|  public.GLEBA                          |  1203     |  0       |  2.18 seconds    |
	------------------------------------------------------------------------------------
	|  public.INSUMO                         |  12326    |  0       |  2.597 seconds   |
	------------------------------------------------------------------------------------
	|  public.INSUMOINSPRINCATIVO            |  4563     |  0       |  2.436 seconds   |
	------------------------------------------------------------------------------------
	|  public.INSUMOPRINCIPIOATIVO           |  3014     |  0       |  2.353 seconds   |
	------------------------------------------------------------------------------------
	|  public.INSUMOSUBCLASSE                |  257      |  0       |  2.146 seconds   |
	------------------------------------------------------------------------------------
	|  public.MANUTINDICADOR                 |  3        |  0       |  2.248 seconds   |
	------------------------------------------------------------------------------------
	|  public.MONITORAMENTOTCDETALHE         |  47       |  0       |  2.002 seconds   |
	------------------------------------------------------------------------------------
	|  public.MONITORAMENTOTCDINSUMO         |  0        |  0       |  2.048 seconds   |
	------------------------------------------------------------------------------------
	|  public.MONITORAMENTOTIPOCONTROLE      |  35       |  0       |  2.048 seconds   |
	------------------------------------------------------------------------------------
	|  public.MOVIMENTOPROJETADOINSUMO       |  435      |  0       |  2.171 seconds   |
	------------------------------------------------------------------------------------
	|  public.PESSOA                         |  59568    |  0       |  7.905 seconds   |
	------------------------------------------------------------------------------------
	|  public.PLANEJAMENTOPLANTIO            |  666      |  0       |  2.183 seconds   |
	------------------------------------------------------------------------------------
	|  public.PLANEJAMENTOPLANTIOGLEBA       |  977      |  0       |  2.198 seconds   |
	------------------------------------------------------------------------------------
	|  public.PLANEJAMENTOPRODUCAO           |  96       |  0       |  2.162 seconds   |
	------------------------------------------------------------------------------------
	|  public.PLANEJAMENTOPRODUCAOCLASS      |  198      |  0       |  2.043 seconds   |
	------------------------------------------------------------------------------------
	|  public.PLANTIO                        |  5722     |  0       |  2.784 seconds   |
	------------------------------------------------------------------------------------
	|  public.PLANTIOCOMPLEMENTO             |  5652     |  0       |  2.463 seconds   |
	------------------------------------------------------------------------------------
	|  public.PLANTIOGERMINACAO              |  189      |  0       |  1.994 seconds   |
	------------------------------------------------------------------------------------
	|  public.PLANTIOGLEBA                   |  6040     |  0       |  2.22 seconds    |
	------------------------------------------------------------------------------------
	|  public.PRODUTOAGRO                    |  130114   |  0       |  10.714 seconds  |
	------------------------------------------------------------------------------------
	|  public.PRODUTOESTOQUE                 |  91540    |  0       |  6.951 seconds   |
	------------------------------------------------------------------------------------
	|  public.RECOMENDACAO                   |  46727    |  0       |  9.516 seconds   |
	------------------------------------------------------------------------------------
	|  public.RECOMENDACAOBICO               |  153      |  0       |  2.229 seconds   |
	------------------------------------------------------------------------------------
	|  public.RECOMENDACAOCANCELAMENTO       |  0        |  0       |  2.252 seconds   |
	------------------------------------------------------------------------------------
	|  public.RECOMENDACAODIRCUSTO           |  60328    |  0       |  5.895 seconds   |
	------------------------------------------------------------------------------------
	|  public.RECOMENDACAOINSMONITORAMENTOD  |  7036     |  0       |  2.239 seconds   |
	------------------------------------------------------------------------------------
	|  public.RECOMENDACAOINSUMO             |  133094   |  0       |  11.915 seconds  |
	------------------------------------------------------------------------------------
	|  public.RECOMENDACAOINSUMOCONTROLE     |  0        |  0       |  2.236 seconds   |
	------------------------------------------------------------------------------------
	|  public.RECOMENDACAOMONITORAMENTO      |  0        |  0       |  2.048 seconds   |
	------------------------------------------------------------------------------------
	|  public.RECOMENDACAOPERIODO            |  60       |  0       |  2.01 seconds    |
	------------------------------------------------------------------------------------
	|  public.RECOMENDACAOTIPOOPERACAO       |  61       |  0       |  1.968 seconds   |
	------------------------------------------------------------------------------------
	|  public.RELATORIOINSUMOS               |  14463    |  0       |  3.478 seconds   |
	------------------------------------------------------------------------------------
	|  public.RSI$COMMANDS                   |  5632     |  0       |  2.949 seconds   |
	------------------------------------------------------------------------------------
	|  public.RSI$DELETIONS                  |  218      |  0       |  2.038 seconds   |
	------------------------------------------------------------------------------------
	|  public.SAFRA                          |  177      |  0       |  2.165 seconds   |
	------------------------------------------------------------------------------------
	|  public.TECNICO                        |  90       |  0       |  2.007 seconds   |
	------------------------------------------------------------------------------------
	|  public.TOKENUSERDASH                  |  91       |  0       |  2.178 seconds   |
	------------------------------------------------------------------------------------
	|  public.UNIDADEMEDIDA                  |  1346     |  0       |  3.483 seconds   |
	------------------------------------------------------------------------------------
	|  public.USUARIO                        |  1003     |  0       |  2.341 seconds   |
	------------------------------------------------------------------------------------
	|  public.USUARIODASH                    |  11       |  0       |  2.08 seconds    |
	------------------------------------------------------------------------------------
	|  public.USUARIOEMPRESA                 |  836      |  0       |  2.016 seconds   |
	------------------------------------------------------------------------------------
	|  public.USUARIOSDASHBOARD              |  5        |  0       |  2.173 seconds   |
	------------------------------------------------------------------------------------
	|  public.USUARIOSPENDENTES              |  11       |  0       |  2.208 seconds   |
	------------------------------------------------------------------------------------
	|  public.VARIEDADE                      |  952      |  0       |  2.18 seconds    |
	------------------------------------------------------------------------------------
	|  public.VEICULO                        |  4        |  0       |  2.202 seconds   |
	------------------------------------------------------------------------------------
